<?xml version="1.0" encoding="UTF-8"?>
<!-- Generated by org.testng.reporters.JUnitReportReporter -->
<testsuite hostname="DESKTOP-K3RN0RU" failures="0" tests="1" name="com.herokuapp.theinternet.NegativeTests" time="64.020" errors="0" timestamp="19 Apr 2021 20:41:52 GMT" skipped="0">
  <testcase classname="com.herokuapp.theinternet.NegativeTests" name="incorrectUsernameTest" time="64.020"/>
</testsuite> <!-- com.herokuapp.theinternet.NegativeTests -->
