<?xml version="1.0" encoding="UTF-8"?>
<!-- Generated by org.testng.reporters.JUnitReportReporter -->
<testsuite hostname="DESKTOP-K3RN0RU" failures="0" tests="1" name="com.herokuapp.theinternet.PositiveTests" time="22.889" errors="0" timestamp="17 Apr 2021 01:30:53 GMT" skipped="0">
  <testcase classname="com.herokuapp.theinternet.PositiveTests" name="loginTest" time="22.889"/>
</testsuite> <!-- com.herokuapp.theinternet.PositiveTests -->
