<?xml version="1.0" encoding="UTF-8"?>
<!-- Generated by org.testng.reporters.JUnitReportReporter -->
<testsuite hostname="DESKTOP-K3RN0RU" failures="0" tests="2" name="com.herokuapp.theinternet.NegativeTests" time="39.892" errors="0" timestamp="17 Apr 2021 01:32:23 GMT" skipped="0">
  <testcase classname="com.herokuapp.theinternet.NegativeTests" name="incorrectUsernameTest" time="23.483"/>
  <testcase classname="com.herokuapp.theinternet.NegativeTests" name="incorrectPasswordTest" time="16.409"/>
</testsuite> <!-- com.herokuapp.theinternet.NegativeTests -->
